<?xml version="1.0" encoding="UTF-8"?>
<!-- Generated by org.testng.reporters.JUnitReportReporter -->
<testsuite hostname="Harshu" failures="0" tests="1" name="TestNGScenarios.C2" time="0.005" errors="0" timestamp="2024-07-27T17:47:25 IST" skipped="0">
  <testcase classname="TestNGScenarios.C2" name="ab" time="0.005"/>
  <system-out/>
</testsuite> <!-- TestNGScenarios.C2 -->
