<?xml version="1.0" encoding="UTF-8"?>
<!-- Generated by org.testng.reporters.JUnitReportReporter -->
<testsuite hostname="Harshu" failures="0" tests="3" name="TestNGScenarios.Grouping.pack.Login" time="0.001" errors="0" timestamp="2024-07-28T08:12:06 IST" skipped="0">
  <testcase classname="TestNGScenarios.Grouping.pack.Login" name="LoginByEmail" time="0.000"/>
  <system-out/>
  <testcase classname="TestNGScenarios.Grouping.pack.Login" name="LoginByFaceBook" time="0.000"/>
  <system-out/>
  <testcase classname="TestNGScenarios.Grouping.pack.Login" name="LoginByTwitter" time="0.001"/>
  <system-out/>
</testsuite> <!-- TestNGScenarios.Grouping.pack.Login -->
