<?xml version="1.0" encoding="UTF-8"?>
<!-- Generated by org.testng.reporters.JUnitReportReporter -->
<testsuite hostname="Harshu" failures="0" tests="4" name="TestNGScenarios.OrangeHRMTest" time="12.755" errors="0" timestamp="2024-07-27T15:43:01 IST" skipped="0">
  <testcase classname="TestNGScenarios.OrangeHRMTest" name="OpenApp" time="8.829"/>
  <system-out/>
  <testcase classname="TestNGScenarios.OrangeHRMTest" name="Logo" time="2.045"/>
  <system-out/>
  <testcase classname="TestNGScenarios.OrangeHRMTest" name="LogIn" time="1.771"/>
  <system-out/>
  <testcase classname="TestNGScenarios.OrangeHRMTest" name="CloseApp" time="0.110"/>
  <system-out/>
</testsuite> <!-- TestNGScenarios.OrangeHRMTest -->
