<?xml version="1.0" encoding="UTF-8"?>
<!-- Generated by org.testng.reporters.JUnitReportReporter -->
<testsuite hostname="Harshu" failures="0" tests="2" name="TestNGScenarios.AnnotationsDemo2" time="0.021" errors="0" timestamp="2024-07-28T19:33:08 IST" skipped="0">
  <testcase classname="TestNGScenarios.AnnotationsDemo2" name="search" time="0.020"/>
  <system-out/>
  <testcase classname="TestNGScenarios.AnnotationsDemo2" name="advsearch" time="0.001"/>
  <system-out/>
</testsuite> <!-- TestNGScenarios.AnnotationsDemo2 -->
