<?xml version="1.0" encoding="UTF-8"?>
<!-- Generated by org.testng.reporters.JUnitReportReporter -->
<testsuite hostname="Harshu" failures="0" tests="3" name="TestNGScenarios.Grouping.pack.SignUp" time="0.009" errors="0" timestamp="2024-07-28T08:12:06 IST" skipped="0">
  <testcase classname="TestNGScenarios.Grouping.pack.SignUp" name="SignUpByEmail" time="0.007"/>
  <system-out/>
  <testcase classname="TestNGScenarios.Grouping.pack.SignUp" name="SignUpByTwitter" time="0.001"/>
  <system-out/>
  <testcase classname="TestNGScenarios.Grouping.pack.SignUp" name="SignUpByFaceBook" time="0.001"/>
  <system-out/>
</testsuite> <!-- TestNGScenarios.Grouping.pack.SignUp -->
