<?xml version="1.0" encoding="UTF-8"?>
<!-- Generated by org.testng.reporters.JUnitReportReporter -->
<testsuite hostname="Harshu" failures="0" tests="1" name="PageObjectPattern.LoginPageTest" time="0.664" errors="0" timestamp="2024-07-29T18:58:28 IST" skipped="0">
  <testcase classname="PageObjectPattern.LoginPageTest" name="testLogin" time="0.664"/>
  <system-out/>
</testsuite> <!-- PageObjectPattern.LoginPageTest -->
