<?xml version="1.0" encoding="UTF-8"?>
<!-- Generated by org.testng.reporters.JUnitReportReporter -->
<testsuite hostname="Harshu" failures="0" tests="2" name="TestNGScenarios.AnnotationsDemo1" time="0.051" errors="0" timestamp="2024-07-28T19:32:54 IST" skipped="0">
  <testcase classname="TestNGScenarios.AnnotationsDemo1" name="advsearch" time="0.021"/>
  <system-out/>
  <testcase classname="TestNGScenarios.AnnotationsDemo1" name="search" time="0.030"/>
  <system-out/>
</testsuite> <!-- TestNGScenarios.AnnotationsDemo1 -->
