<?xml version="1.0" encoding="UTF-8"?>
<!-- Generated by org.testng.reporters.JUnitReportReporter -->
<testsuite hostname="Harshu" failures="0" tests="3" name="TestNGScenarios.Grouping.pack.PaymentDetails" time="0.002" errors="0" timestamp="2024-07-28T08:12:06 IST" skipped="0">
  <testcase classname="TestNGScenarios.Grouping.pack.PaymentDetails" name="PaymentInRupees" time="0.001"/>
  <system-out/>
  <testcase classname="TestNGScenarios.Grouping.pack.PaymentDetails" name="PaymentInDollar" time="0.001"/>
  <system-out/>
  <testcase classname="TestNGScenarios.Grouping.pack.PaymentDetails" name="PaymentInRingit" time="0.000"/>
  <system-out/>
</testsuite> <!-- TestNGScenarios.Grouping.pack.PaymentDetails -->
