<?xml version="1.0" encoding="UTF-8"?>
<!-- Generated by org.testng.reporters.JUnitReportReporter -->
<testsuite hostname="Harshu" failures="0" tests="3" name="TestNGScenarios.FirstTestCase" time="0.000" errors="0" timestamp="2024-07-27T15:43:01 IST" skipped="0">
  <testcase classname="TestNGScenarios.FirstTestCase" name="Login" time="0.000"/>
  <system-out/>
  <testcase classname="TestNGScenarios.FirstTestCase" name="APPOpenApp" time="0.000"/>
  <system-out/>
  <testcase classname="TestNGScenarios.FirstTestCase" name="Logout" time="0.000"/>
  <system-out/>
</testsuite> <!-- TestNGScenarios.FirstTestCase -->
